<?xml version="1.0" encoding="UTF-8"?>
<!-- Generated by org.testng.reporters.JUnitReportReporter -->
<testsuite hostname="Zainaya" failures="0" tests="3" name="testCases.TC03_AddToCart" time="12.174" errors="0" timestamp="2025-02-17T17:50:53 PST" skipped="0">
  <testcase classname="testCases.TC03_AddToCart" name="testAddToCart" time="3.829"/>
  <testcase classname="testCases.TC03_AddToCart" name="testAddToCart" time="4.369"/>
  <testcase classname="testCases.TC03_AddToCart" name="testAddToCart" time="3.976"/>
</testsuite> <!-- testCases.TC03_AddToCart -->
