<?xml version="1.0" encoding="UTF-8"?>
<!-- Generated by org.testng.reporters.JUnitReportReporter -->
<testsuite hostname="Zainaya" failures="0" tests="3" name="testCases.TC01_LaunchApplication" time="3.225" errors="0" timestamp="2025-02-17T17:50:53 PST" skipped="0">
  <testcase classname="testCases.TC01_LaunchApplication" name="testLaunchApplication" time="0.071"/>
  <testcase classname="testCases.TC01_LaunchApplication" name="testLaunchApplication" time="1.460"/>
  <testcase classname="testCases.TC01_LaunchApplication" name="testLaunchApplication" time="1.694"/>
</testsuite> <!-- testCases.TC01_LaunchApplication -->
