<?xml version="1.0" encoding="UTF-8"?>
<!-- Generated by org.testng.reporters.JUnitReportReporter -->
<testsuite hostname="Zainaya" failures="0" tests="15" name="testCases.TC02_Login" time="68.902" errors="0" timestamp="2025-02-17T17:50:53 PST" skipped="0">
  <testcase classname="testCases.TC02_Login" name="testLogin" time="4.655"/>
  <testcase classname="testCases.TC02_Login" name="testLogin" time="4.465"/>
  <testcase classname="testCases.TC02_Login" name="testLogin" time="3.870"/>
  <testcase classname="testCases.TC02_Login" name="testLogin" time="5.321"/>
  <testcase classname="testCases.TC02_Login" name="testLogin" time="4.590"/>
  <testcase classname="testCases.TC02_Login" name="testLogin" time="5.753"/>
  <testcase classname="testCases.TC02_Login" name="testLogin" time="4.907"/>
  <testcase classname="testCases.TC02_Login" name="testLogin" time="5.183"/>
  <testcase classname="testCases.TC02_Login" name="testLogin" time="4.756"/>
  <testcase classname="testCases.TC02_Login" name="testLogin" time="4.310"/>
  <testcase classname="testCases.TC02_Login" name="testLogin" time="3.714"/>
  <testcase classname="testCases.TC02_Login" name="testLogin" time="4.667"/>
  <testcase classname="testCases.TC02_Login" name="testLogin" time="3.627"/>
  <testcase classname="testCases.TC02_Login" name="testLogin" time="4.525"/>
  <testcase classname="testCases.TC02_Login" name="testLogin" time="4.559"/>
</testsuite> <!-- testCases.TC02_Login -->
