<?xml version="1.0" encoding="UTF-8"?>
<!-- Generated by org.testng.reporters.JUnitReportReporter -->
<testsuite hostname="Zainaya" failures="0" tests="3" name="testCases.TC05_AddAnItemToWishList" time="10.094" errors="0" timestamp="2025-02-17T17:50:53 PST" skipped="0">
  <testcase classname="testCases.TC05_AddAnItemToWishList" name="testAddToWishList" time="3.452"/>
  <testcase classname="testCases.TC05_AddAnItemToWishList" name="testAddToWishList" time="2.779"/>
  <testcase classname="testCases.TC05_AddAnItemToWishList" name="testAddToWishList" time="3.863"/>
</testsuite> <!-- testCases.TC05_AddAnItemToWishList -->
