<?xml version="1.0" encoding="UTF-8"?>
<!-- Generated by org.testng.reporters.JUnitReportReporter -->
<testsuite hostname="Zainaya" failures="0" tests="3" name="testCases.TC04_CompletePurchase" time="223.892" errors="0" timestamp="2025-02-17T17:50:53 PST" skipped="0">
  <testcase classname="testCases.TC04_CompletePurchase" name="testCompletePurchase" time="71.944"/>
  <testcase classname="testCases.TC04_CompletePurchase" name="testCompletePurchase" time="74.810"/>
  <testcase classname="testCases.TC04_CompletePurchase" name="testCompletePurchase" time="77.138"/>
</testsuite> <!-- testCases.TC04_CompletePurchase -->
